Apr 05, 2019 9:13:11 PM com.dlms.client.Client userOperation
INFO: User with user id MCGU1011opted to find a book
Apr 05, 2019 9:13:17 PM com.dlms.client.Client userOperation
INFO: User with user id MCGU1011 opted to find a book with name as COMPARATIVE STUDIES
Apr 05, 2019 9:13:17 PM com.dlms.client.Client userOperation
INFO: **** Entering findItem operation ***
Apr 05, 2019 9:13:17 PM com.dlms.client.Client userOperation
INFO: Response received from server : MON0000-COMPARATIVE STUDIES,1
Apr 05, 2019 9:13:23 PM com.dlms.client.Client userOperation
INFO: User with user id MCGU1011opted for borrow a book
Apr 05, 2019 9:13:50 PM com.dlms.client.Client userOperation
INFO: ***** User with user ID MCGU1011 initiated a borrow request for a book MON0000in MCG library
Apr 05, 2019 9:13:50 PM com.dlms.client.Client userOperation
INFO: **** Entering borrowItem operation ***
Apr 05, 2019 9:13:50 PM com.dlms.client.Client userOperation
INFO: Response received from server : Item MON0000 borrowed by user MCGU1011 successfully!
Apr 05, 2019 9:13:57 PM com.dlms.client.Client userOperation
INFO: User with user id MCGU1011opted to find a book
Apr 05, 2019 9:14:01 PM com.dlms.client.Client userOperation
INFO: User with user id MCGU1011 opted to find a book with name as COMPARATIVE STUDIES
Apr 05, 2019 9:14:01 PM com.dlms.client.Client userOperation
INFO: **** Entering findItem operation ***
Apr 05, 2019 9:14:01 PM com.dlms.client.Client userOperation
INFO: Response received from server : MON0000-COMPARATIVE STUDIES,0
