Apr 03, 2019 12:34:32 AM com.dlms.client.Client managerOperation
INFO: Manager with manager id CONM1122 opted to add a book
Apr 03, 2019 12:34:38 AM com.dlms.client.Client managerOperation
INFO: ***** Manager with manager ID CONM1122initiated an add book request for book id 
CON1234 book name DS quantity 4 in CON library
Apr 03, 2019 12:34:38 AM com.dlms.client.Client managerOperation
INFO: **** Entering addItem operation ***
Apr 03, 2019 12:34:38 AM com.dlms.client.Client managerOperation
INFO: Response received from server :  Item CON1234 added to the library Successfully
Apr 03, 2019 12:34:43 AM com.dlms.client.Client managerOperation
INFO: Manager with manager id CONM1122 opted to add a book
Apr 03, 2019 12:34:56 AM com.dlms.client.Client managerOperation
INFO: ***** Manager with manager ID CONM1122initiated an add book request for book id 
CON1234 book name DS quantity 4 in CON library
Apr 03, 2019 12:34:56 AM com.dlms.client.Client managerOperation
INFO: **** Entering addItem operation ***
Apr 03, 2019 12:34:56 AM com.dlms.client.Client managerOperation
INFO: Response received from server :  Item CON1234 exists, hence increased item's quantity to 8 Successfully
Apr 03, 2019 12:35:05 AM com.dlms.client.Client managerOperation
INFO: Manager with manager id CONM1122 opted to add a book
Apr 03, 2019 12:35:11 AM com.dlms.client.Client managerOperation
INFO: ***** Manager with manager ID CONM1122initiated an add book request for book id 
CON1234 book name DS quantity 4 in CON library
Apr 03, 2019 12:35:11 AM com.dlms.client.Client managerOperation
INFO: **** Entering addItem operation ***
Apr 03, 2019 12:35:11 AM com.dlms.client.Client managerOperation
INFO: Response received from server : Quantity of Item with Item ID:  CON1234  has been successfully increased in the library
Apr 03, 2019 12:35:16 AM com.dlms.client.Client managerOperation
INFO: Manager with manager id CONM1122 opted to delete/reduce a book
Apr 03, 2019 12:35:34 AM com.dlms.client.Client managerOperation
INFO: ***** Manager with manager ID CONM1122 initiated an reduce quantity of book request for book id CON1234 with quantity 4 in CON library
Apr 03, 2019 12:35:34 AM com.dlms.client.Client managerOperation
INFO: **** Entering removeItem operation to remove the entire book ***
Apr 03, 2019 12:35:34 AM com.dlms.client.Client managerOperation
INFO: Response received from server : Item ID CON1234 has been successully decreased.
Apr 03, 2019 12:35:34 AM com.dlms.client.Client managerOperation
SEVERE: Item ID CON1234 has been successully decreased.
Apr 03, 2019 12:35:42 AM com.dlms.client.Client managerOperation
INFO: Manager with manager id CONM1122 opted to delete/reduce a book
Apr 03, 2019 12:35:49 AM com.dlms.client.Client managerOperation
INFO: ***** Manager with manager ID CONM1122initiated an remove book request for book id CON1234 in CON library
Apr 03, 2019 12:35:49 AM com.dlms.client.Client managerOperation
INFO: **** Entering removeItem operation to remove the entire book ***
Apr 03, 2019 12:35:49 AM com.dlms.client.Client managerOperation
INFO: Response received from server : Item ID CON1234 has been successully decreased.
Apr 03, 2019 12:39:18 AM com.dlms.client.Client managerOperation
INFO: Manager with manager id CONM1122 opted to list all the books in the library
Apr 03, 2019 12:39:18 AM com.dlms.client.Client managerOperation
INFO: **** Entering listItemAvailability operation to list all the books in library ***
Apr 03, 2019 12:39:18 AM com.dlms.client.Client managerOperation
INFO: Response received from server :  CON1111-COMPILER DESIGN,4;CON2222-DISCRETE MATHEMATICAL STRUCTURE,0;CON3333-GRAPH THEORY,2;CON4444-DATA STRUCTURE,8
Apr 03, 2019 12:39:57 AM com.dlms.client.Client managerOperation
SEVERE: 
Invalid choice entered by user
Apr 03, 2019 12:40:07 AM com.dlms.client.Client managerOperation
INFO: Manager with manager id CONM1122 opted to list all the books in the library
Apr 03, 2019 12:40:07 AM com.dlms.client.Client managerOperation
INFO: **** Entering listItemAvailability operation to list all the books in library ***
Apr 03, 2019 12:40:07 AM com.dlms.client.Client managerOperation
INFO: Response received from server :  CON1111-COMPILER DESIGN,4;CON2222-DISCRETE MATHEMATICAL STRUCTURE,0;CON3333-GRAPH THEORY,2;CON4444-DATA STRUCTURE,8
Apr 03, 2019 12:41:23 AM com.dlms.client.Client managerOperation
INFO: Manager with manager id CONM1122 opted to add a book
Apr 03, 2019 12:41:34 AM com.dlms.client.Client managerOperation
INFO: ***** Manager with manager ID CONM1122initiated an add book request for book id 
CON1234 book name DS quantity 2 in CON library
Apr 03, 2019 12:41:34 AM com.dlms.client.Client managerOperation
INFO: **** Entering addItem operation ***
Apr 03, 2019 12:41:34 AM com.dlms.client.Client managerOperation
INFO: Response received from server :  Item CON1234 added to the library Successfully
Apr 03, 2019 12:41:52 AM com.dlms.client.Client managerOperation
INFO: Manager with manager id CONM1122 opted to add a book
Apr 03, 2019 12:42:12 AM com.dlms.client.Client managerOperation
INFO: ***** Manager with manager ID CONM1122initiated an add book request for book id 
CON9000 book name APP quantity 3 in CON library
Apr 03, 2019 12:42:12 AM com.dlms.client.Client managerOperation
INFO: **** Entering addItem operation ***
Apr 03, 2019 12:42:12 AM com.dlms.client.Client managerOperation
INFO: Response received from server :  Item CON9000 added to the library Successfully
Apr 03, 2019 12:42:21 AM com.dlms.client.Client managerOperation
INFO: Manager with manager id CONM1122 opted to list all the books in the library
Apr 03, 2019 12:42:21 AM com.dlms.client.Client managerOperation
INFO: **** Entering listItemAvailability operation to list all the books in library ***
Apr 03, 2019 12:42:21 AM com.dlms.client.Client managerOperation
INFO: Response received from server :  CON1111-COMPILER DESIGN,4;CON2222-DISCRETE MATHEMATICAL STRUCTURE,0;CON3333-GRAPH THEORY,2;CON4444-DATA STRUCTURE,8;CON1234-DS,2;CON9000-APP,3
