Apr 02, 2019 7:25:36 PM com.dlms.replicas.replica1.Concordia startConcordiaServer
INFO: ** Setting Library Details **
Apr 02, 2019 7:25:36 PM com.dlms.replicas.replica1.Concordia setLibraryDetails
INFO:  ** Books registered while initialization

Apr 02, 2019 7:25:36 PM com.dlms.replicas.replica1.Concordia lambda$1
INFO: **  CON1111 Compiler Design 4

Apr 02, 2019 7:25:36 PM com.dlms.replicas.replica1.Concordia lambda$1
INFO: **  CON2222 Discrete Mathmatical Structure 0

Apr 02, 2019 7:25:36 PM com.dlms.replicas.replica1.Concordia lambda$1
INFO: **  CON3333 Graph Theory 2

Apr 02, 2019 7:25:36 PM com.dlms.replicas.replica1.Concordia lambda$1
INFO: **  CON4444 Data Structure 8

Apr 02, 2019 7:25:36 PM com.dlms.replicas.replica1.Concordia setLibraryDetails
INFO:  ** User registered while initialization

Apr 02, 2019 7:25:36 PM com.dlms.replicas.replica1.Concordia lambda$2
INFO: **  CONU1122 {CON1111=12, CON2222=23, MCG2222=18, MON2222=18}

Apr 02, 2019 7:25:36 PM com.dlms.replicas.replica1.Concordia lambda$2
INFO: **  CONU2233 {}

Apr 02, 2019 7:25:36 PM com.dlms.replicas.replica1.Concordia lambda$2
INFO: **  CONU3344 {}

Apr 02, 2019 7:25:36 PM com.dlms.replicas.replica1.Concordia setLibraryDetails
INFO: Books WaitList registered while initialization

Apr 02, 2019 7:25:36 PM com.dlms.replicas.replica1.Concordia lambda$3
INFO: **  CON2222 {MONU1122=17, CONU2233=19}

